<?xml version="1.0" encoding="UTF-8"?>
<!-- Generated by org.testng.reporters.JUnitXMLReporter -->
<testsuite hostname="HJNZL001775" ignored="2" name="Default test" tests="1" failures="0" timestamp="2021-11-22T10:07:06 IST" time="10.547" errors="0">
  <testcase name="registeruservalidation" time="0.852" classname="com.opencart.testcases.RegistrationPageTest"/>
  <testcase name="validateinputfields" time="0.0" classname="com.opencart.testcases.RegistrationPageTest">
    <ignored/>
  </testcase> <!-- validateinputfields -->
  <testcase name="validatePageTitle" time="0.0" classname="com.opencart.testcases.RegistrationPageTest">
    <ignored/>
  </testcase> <!-- validatePageTitle -->
</testsuite> <!-- Default test -->
